2024-08-02 08:17:53,301 :: test_OrangeHRM_url_001 is started
2024-08-02 08:17:53,301 :: Opening Browser
2024-08-02 08:17:55,550 : : Verifying the page title
2024-08-02 08:17:55,559 :: test_OrangeHRM_url_001 is passed, user is landed on correct url
2024-08-02 08:17:57,560 :  : Taking the screenshot
2024-08-02 08:17:57,718 :  : Closing the Browser
2024-08-02 08:17:59,864 :  : test_OrangeHRM_url_001 is completed
2024-08-02 08:18:27,521 :  : test_OrangeHRM_Login_002 is started
2024-08-02 08:18:27,521 : : Opening the browser
2024-08-02 08:18:30,522 : : Entering Username-->Admin
2024-08-02 08:18:30,629 :  : Entering Password-->admin123
2024-08-02 08:18:30,758 :  : Clicking on login button
2024-08-02 08:18:30,837 :  : 62 : Verifying the login stauts
2024-08-02 08:18:33,773 :  : test_OrangeHRM_Login_002 is passed
2024-08-02 08:18:35,775 : : Taking the screenshot
2024-08-02 08:18:35,975 : INFO :  Test_OrangeHRM_Login : test_OrangeHRM_Login_002 : 68 : Clicking on Menu button
2024-08-02 08:18:36,100 : INFO :  Test_OrangeHRM_Login : test_OrangeHRM_Login_002 : 70 : Clicking on logout button
2024-08-02 08:18:37,104 : INFO :  Test_OrangeHRM_Login : test_OrangeHRM_Login_002 : 78 : Closing the browser
2024-08-02 08:18:39,317 : INFO :  Test_OrangeHRM_Login : test_OrangeHRM_Login_002 : 80 : test_OrangeHRM_Login_002 is Completed
2024-08-02 08:23:56,843 : INFO :  Test_OrangeHRM_Login : test_OrangeHRM_url_001 : 23 : test_OrangeHRM_url_001 is started
2024-08-02 08:23:56,844 : INFO :  Test_OrangeHRM_Login : test_OrangeHRM_url_001 : 25 : Opening Browser
2024-08-02 08:24:00,414 : INFO :  Test_OrangeHRM_Login : test_OrangeHRM_url_001 : 27 : Verifying the page title
2024-08-02 08:24:00,422 : INFO :  Test_OrangeHRM_Login : test_OrangeHRM_url_001 : 29 : test_OrangeHRM_url_001 is passed, user is landed on correct url
2024-08-02 08:24:02,423 : INFO :  Test_OrangeHRM_Login : test_OrangeHRM_url_001 : 31 : Taking the screenshot
2024-08-02 08:24:02,522 : INFO :  Test_OrangeHRM_Login : test_OrangeHRM_url_001 : 40 : Closing the Browser
2024-08-02 08:24:04,712 : INFO :  Test_OrangeHRM_Login : test_OrangeHRM_url_001 : 42 : test_OrangeHRM_url_001 is completed
2024-08-02 08:24:30,520 : INFO :  Test_OrangeHRM_Login : test_OrangeHRM_Login_002 : 46 : test_OrangeHRM_Login_002 is started
2024-08-02 08:24:30,520 : INFO :  Test_OrangeHRM_Login : test_OrangeHRM_Login_002 : 48 : Opening the browser
2024-08-02 08:24:30,520 : INFO :  Test_OrangeHRM_Login : test_OrangeHRM_Login_002 : 53 : Entering Username-->Admin
2024-08-02 08:24:33,970 : INFO :  Test_OrangeHRM_Login : test_OrangeHRM_Login_002 : 56 : Entering Password-->admin123
2024-08-02 08:24:34,130 : INFO :  Test_OrangeHRM_Login : test_OrangeHRM_Login_002 : 59 : Clicking on login button
2024-08-02 08:24:34,211 : INFO :  Test_OrangeHRM_Login : test_OrangeHRM_Login_002 : 61 : Verifying the login stauts
2024-08-02 08:24:37,031 : INFO :  Test_OrangeHRM_Login : test_OrangeHRM_Login_002 : 63 : test_OrangeHRM_Login_002 is passed
2024-08-02 08:24:39,033 : INFO :  Test_OrangeHRM_Login : test_OrangeHRM_Login_002 : 65 : Taking the screenshot
2024-08-02 08:24:39,190 : INFO :  Test_OrangeHRM_Login : test_OrangeHRM_Login_002 : 67 : Clicking on Menu button
2024-08-02 08:24:39,279 : INFO :  Test_OrangeHRM_Login : test_OrangeHRM_Login_002 : 69 : Clicking on logout button
2024-08-02 08:24:40,168 : INFO :  Test_OrangeHRM_Login : test_OrangeHRM_Login_002 : 77 : Closing the browser
2024-08-02 08:24:42,379 : INFO :  Test_OrangeHRM_Login : test_OrangeHRM_Login_002 : 79 : test_OrangeHRM_Login_002 is Completed
2024-08-02 08:31:27,609 : INFO :  Test_OrangeHRM_Login : test_OrangeHRM_url_001 : 23 : test_OrangeHRM_url_001 is started
2024-08-02 08:31:27,610 : INFO :  Test_OrangeHRM_Login : test_OrangeHRM_url_001 : 25 : Opening Browser
2024-08-02 08:31:27,617 : INFO :  Test_OrangeHRM_Login : test_OrangeHRM_url_001 : 27 : Verifying the page title
2024-08-02 08:31:27,622 : INFO :  Test_OrangeHRM_Login : test_OrangeHRM_url_001 : 29 : test_OrangeHRM_url_001 is passed, user is landed on correct url
2024-08-02 08:31:29,623 : INFO :  Test_OrangeHRM_Login : test_OrangeHRM_url_001 : 31 : Taking the screenshot
2024-08-02 08:31:29,739 : INFO :  Test_OrangeHRM_Login : test_OrangeHRM_url_001 : 40 : Closing the Browser
2024-08-02 08:31:31,985 : INFO :  Test_OrangeHRM_Login : test_OrangeHRM_url_001 : 42 : test_OrangeHRM_url_001 is completed
2024-08-02 08:32:11,067 : INFO :  Test_OrangeHRM_Login : test_OrangeHRM_Login_002 : 46 : test_OrangeHRM_Login_002 is started
2024-08-02 08:32:11,068 : INFO :  Test_OrangeHRM_Login : test_OrangeHRM_Login_002 : 48 : Opening the browser
2024-08-02 08:32:11,068 : INFO :  Test_OrangeHRM_Login : test_OrangeHRM_Login_002 : 53 : Entering Username-->Admin
2024-08-02 08:32:12,047 : INFO :  Test_OrangeHRM_Login : test_OrangeHRM_Login_002 : 56 : Entering Password-->admin123
2024-08-02 08:32:12,212 : INFO :  Test_OrangeHRM_Login : test_OrangeHRM_Login_002 : 59 : Clicking on login button
2024-08-02 08:32:13,675 : INFO :  Test_OrangeHRM_Login : test_OrangeHRM_Login_002 : 61 : Verifying the login stauts
2024-08-02 08:32:15,941 : INFO :  Test_OrangeHRM_Login : test_OrangeHRM_Login_002 : 63 : test_OrangeHRM_Login_002 is passed
2024-08-02 08:32:17,942 : INFO :  Test_OrangeHRM_Login : test_OrangeHRM_Login_002 : 65 : Taking the screenshot
2024-08-02 08:32:18,103 : INFO :  Test_OrangeHRM_Login : test_OrangeHRM_Login_002 : 67 : Clicking on Menu button
2024-08-02 08:32:18,241 : INFO :  Test_OrangeHRM_Login : test_OrangeHRM_Login_002 : 69 : Clicking on logout button
2024-08-02 08:32:19,108 : INFO :  Test_OrangeHRM_Login : test_OrangeHRM_Login_002 : 77 : Closing the browser
2024-08-02 08:32:21,705 : INFO :  Test_OrangeHRM_Login : test_OrangeHRM_Login_002 : 79 : test_OrangeHRM_Login_002 is Completed
2024-08-02 09:02:29,625 : INFO :  Test_OrangeHRM_Login_params : test_OrangeHRM_Login_params_003 : 18 : test_OrangeHRM_Login_params_003 is started
2024-08-02 09:02:29,625 : INFO :  Test_OrangeHRM_Login_params : test_OrangeHRM_Login_params_003 : 20 : Opening the browser
2024-08-02 09:02:29,626 : INFO :  Test_OrangeHRM_Login_params : test_OrangeHRM_Login_params_003 : 25 : Entering Username-->Admin
2024-08-02 09:02:30,378 : INFO :  Test_OrangeHRM_Login_params : test_OrangeHRM_Login_params_003 : 28 : Entering Password-->admin123
2024-08-02 09:02:30,727 : INFO :  Test_OrangeHRM_Login_params : test_OrangeHRM_Login_params_003 : 31 : Clicking on login button
2024-08-02 09:02:32,063 : INFO :  Test_OrangeHRM_Login_params : test_OrangeHRM_Login_params_003 : 33 : Verifying the login stauts
2024-08-02 09:02:34,149 : INFO :  Test_OrangeHRM_Login_params : test_OrangeHRM_Login_params_003 : 35 : test_OrangeHRM_Login_params_003 is passed
2024-08-02 09:02:36,151 : INFO :  Test_OrangeHRM_Login_params : test_OrangeHRM_Login_params_003 : 37 : Taking the screenshot
2024-08-02 09:02:36,448 : INFO :  Test_OrangeHRM_Login_params : test_OrangeHRM_Login_params_003 : 39 : Clicking on Menu button
2024-08-02 09:02:36,543 : INFO :  Test_OrangeHRM_Login_params : test_OrangeHRM_Login_params_003 : 41 : Clicking on logout button
2024-08-02 09:02:37,618 : INFO :  Test_OrangeHRM_Login_params : test_OrangeHRM_Login_params_003 : 64 : Closing the browser
2024-08-02 09:02:40,419 : INFO :  Test_OrangeHRM_Login_params : test_OrangeHRM_Login_params_003 : 66 : test_OrangeHRM_Login_params_003 is Completed
2024-08-02 09:03:15,862 : INFO :  Test_OrangeHRM_Login_params : test_OrangeHRM_Login_params_003 : 18 : test_OrangeHRM_Login_params_003 is started
2024-08-02 09:03:15,863 : INFO :  Test_OrangeHRM_Login_params : test_OrangeHRM_Login_params_003 : 20 : Opening the browser
2024-08-02 09:03:15,863 : INFO :  Test_OrangeHRM_Login_params : test_OrangeHRM_Login_params_003 : 25 : Entering Username-->Admin1
2024-08-02 09:03:17,107 : INFO :  Test_OrangeHRM_Login_params : test_OrangeHRM_Login_params_003 : 28 : Entering Password-->admin123
2024-08-02 09:03:17,356 : INFO :  Test_OrangeHRM_Login_params : test_OrangeHRM_Login_params_003 : 31 : Clicking on login button
2024-08-02 09:03:18,919 : INFO :  Test_OrangeHRM_Login_params : test_OrangeHRM_Login_params_003 : 33 : Verifying the login stauts
2024-08-02 09:03:23,159 : INFO :  Test_OrangeHRM_Login_params : test_OrangeHRM_Login_params_003 : 45 : test_OrangeHRM_Login_params_003 is failed
2024-08-02 09:03:23,160 : INFO :  Test_OrangeHRM_Login_params : test_OrangeHRM_Login_params_003 : 46 : Taking for screenshot
2024-08-02 09:03:23,428 : INFO :  Test_OrangeHRM_Login_params : test_OrangeHRM_Login_params_003 : 48 : Clicking on Menu button
2024-08-02 09:03:23,522 : INFO :  Test_OrangeHRM_Login_params : test_OrangeHRM_Login_params_003 : 50 : Clicking on logout button
2024-08-02 09:03:37,420 : INFO :  Test_OrangeHRM_Login_params : test_OrangeHRM_Login_params_003 : 18 : test_OrangeHRM_Login_params_003 is started
2024-08-02 09:03:37,420 : INFO :  Test_OrangeHRM_Login_params : test_OrangeHRM_Login_params_003 : 20 : Opening the browser
2024-08-02 09:03:37,420 : INFO :  Test_OrangeHRM_Login_params : test_OrangeHRM_Login_params_003 : 25 : Entering Username-->Admin
2024-08-02 09:03:38,286 : INFO :  Test_OrangeHRM_Login_params : test_OrangeHRM_Login_params_003 : 28 : Entering Password-->admin1231
2024-08-02 09:03:38,510 : INFO :  Test_OrangeHRM_Login_params : test_OrangeHRM_Login_params_003 : 31 : Clicking on login button
2024-08-02 09:03:40,355 : INFO :  Test_OrangeHRM_Login_params : test_OrangeHRM_Login_params_003 : 33 : Verifying the login stauts
2024-08-02 09:03:44,857 : INFO :  Test_OrangeHRM_Login_params : test_OrangeHRM_Login_params_003 : 45 : test_OrangeHRM_Login_params_003 is failed
2024-08-02 09:03:44,858 : INFO :  Test_OrangeHRM_Login_params : test_OrangeHRM_Login_params_003 : 46 : Taking for screenshot
2024-08-02 09:03:45,183 : INFO :  Test_OrangeHRM_Login_params : test_OrangeHRM_Login_params_003 : 48 : Clicking on Menu button
2024-08-02 09:03:45,254 : INFO :  Test_OrangeHRM_Login_params : test_OrangeHRM_Login_params_003 : 50 : Clicking on logout button
2024-08-02 09:03:58,119 : INFO :  Test_OrangeHRM_Login_params : test_OrangeHRM_Login_params_003 : 18 : test_OrangeHRM_Login_params_003 is started
2024-08-02 09:03:58,121 : INFO :  Test_OrangeHRM_Login_params : test_OrangeHRM_Login_params_003 : 20 : Opening the browser
2024-08-02 09:03:58,121 : INFO :  Test_OrangeHRM_Login_params : test_OrangeHRM_Login_params_003 : 25 : Entering Username-->Admin1
2024-08-02 09:03:59,005 : INFO :  Test_OrangeHRM_Login_params : test_OrangeHRM_Login_params_003 : 28 : Entering Password-->admin1231
2024-08-02 09:03:59,184 : INFO :  Test_OrangeHRM_Login_params : test_OrangeHRM_Login_params_003 : 31 : Clicking on login button
2024-08-02 09:03:59,311 : INFO :  Test_OrangeHRM_Login_params : test_OrangeHRM_Login_params_003 : 33 : Verifying the login stauts
2024-08-02 09:04:04,237 : INFO :  Test_OrangeHRM_Login_params : test_OrangeHRM_Login_params_003 : 45 : test_OrangeHRM_Login_params_003 is failed
2024-08-02 09:04:04,238 : INFO :  Test_OrangeHRM_Login_params : test_OrangeHRM_Login_params_003 : 46 : Taking for screenshot
2024-08-02 09:04:04,482 : INFO :  Test_OrangeHRM_Login_params : test_OrangeHRM_Login_params_003 : 48 : Clicking on Menu button
2024-08-02 09:04:04,592 : INFO :  Test_OrangeHRM_Login_params : test_OrangeHRM_Login_params_003 : 50 : Clicking on logout button
2024-08-02 09:06:36,056 : INFO :  Test_OrangeHRM_Login_params : test_OrangeHRM_Login_params_003 : 18 : test_OrangeHRM_Login_params_003 is started
2024-08-02 09:06:36,067 : INFO :  Test_OrangeHRM_Login_params : test_OrangeHRM_Login_params_003 : 20 : Opening the browser
2024-08-02 09:06:36,067 : INFO :  Test_OrangeHRM_Login_params : test_OrangeHRM_Login_params_003 : 25 : Entering Username-->Admin
2024-08-02 09:06:40,166 : INFO :  Test_OrangeHRM_Login_params : test_OrangeHRM_Login_params_003 : 28 : Entering Password-->admin123
2024-08-02 09:06:40,525 : INFO :  Test_OrangeHRM_Login_params : test_OrangeHRM_Login_params_003 : 31 : Clicking on login button
2024-08-02 09:06:42,289 : INFO :  Test_OrangeHRM_Login_params : test_OrangeHRM_Login_params_003 : 33 : Verifying the login stauts
2024-08-02 09:06:46,685 : INFO :  Test_OrangeHRM_Login_params : test_OrangeHRM_Login_params_003 : 35 : test_OrangeHRM_Login_params_003 is passed
2024-08-02 09:06:48,687 : INFO :  Test_OrangeHRM_Login_params : test_OrangeHRM_Login_params_003 : 37 : Taking the screenshot
2024-08-02 09:06:49,033 : INFO :  Test_OrangeHRM_Login_params : test_OrangeHRM_Login_params_003 : 39 : Clicking on Menu button
2024-08-02 09:06:49,139 : INFO :  Test_OrangeHRM_Login_params : test_OrangeHRM_Login_params_003 : 41 : Clicking on logout button
2024-08-02 09:06:50,966 : INFO :  Test_OrangeHRM_Login_params : test_OrangeHRM_Login_params_003 : 64 : Closing the browser
2024-08-02 09:06:54,572 : INFO :  Test_OrangeHRM_Login_params : test_OrangeHRM_Login_params_003 : 66 : test_OrangeHRM_Login_params_003 is Completed
2024-08-02 09:08:37,014 : INFO :  Test_OrangeHRM_Login_params : test_OrangeHRM_Login_params_003 : 18 : test_OrangeHRM_Login_params_003 is started
2024-08-02 09:08:37,014 : INFO :  Test_OrangeHRM_Login_params : test_OrangeHRM_Login_params_003 : 20 : Opening the browser
2024-08-02 09:08:37,014 : INFO :  Test_OrangeHRM_Login_params : test_OrangeHRM_Login_params_003 : 25 : Entering Username-->Admin
2024-08-02 09:08:37,758 : INFO :  Test_OrangeHRM_Login_params : test_OrangeHRM_Login_params_003 : 28 : Entering Password-->admin123
2024-08-02 09:08:38,104 : INFO :  Test_OrangeHRM_Login_params : test_OrangeHRM_Login_params_003 : 31 : Clicking on login button
2024-08-02 09:08:39,547 : INFO :  Test_OrangeHRM_Login_params : test_OrangeHRM_Login_params_003 : 33 : Verifying the login stauts
2024-08-02 09:08:41,785 : INFO :  Test_OrangeHRM_Login_params : test_OrangeHRM_Login_params_003 : 35 : test_OrangeHRM_Login_params_003 is passed
2024-08-02 09:08:43,786 : INFO :  Test_OrangeHRM_Login_params : test_OrangeHRM_Login_params_003 : 37 : Taking the screenshot
2024-08-02 09:08:44,048 : INFO :  Test_OrangeHRM_Login_params : test_OrangeHRM_Login_params_003 : 39 : Clicking on Menu button
2024-08-02 09:08:44,161 : INFO :  Test_OrangeHRM_Login_params : test_OrangeHRM_Login_params_003 : 41 : Clicking on logout button
2024-08-02 09:08:45,854 : INFO :  Test_OrangeHRM_Login_params : test_OrangeHRM_Login_params_003 : 64 : Closing the browser
2024-08-02 09:08:48,528 : INFO :  Test_OrangeHRM_Login_params : test_OrangeHRM_Login_params_003 : 66 : test_OrangeHRM_Login_params_003 is Completed
2024-08-02 09:09:19,641 : INFO :  Test_OrangeHRM_Login_params : test_OrangeHRM_Login_params_003 : 18 : test_OrangeHRM_Login_params_003 is started
2024-08-02 09:09:19,642 : INFO :  Test_OrangeHRM_Login_params : test_OrangeHRM_Login_params_003 : 20 : Opening the browser
2024-08-02 09:09:19,642 : INFO :  Test_OrangeHRM_Login_params : test_OrangeHRM_Login_params_003 : 25 : Entering Username-->Admin1
2024-08-02 09:09:20,996 : INFO :  Test_OrangeHRM_Login_params : test_OrangeHRM_Login_params_003 : 28 : Entering Password-->admin123
2024-08-02 09:09:21,201 : INFO :  Test_OrangeHRM_Login_params : test_OrangeHRM_Login_params_003 : 31 : Clicking on login button
2024-08-02 09:09:22,287 : INFO :  Test_OrangeHRM_Login_params : test_OrangeHRM_Login_params_003 : 33 : Verifying the login stauts
2024-08-02 09:09:26,477 : INFO :  Test_OrangeHRM_Login_params : test_OrangeHRM_Login_params_003 : 60 : test_OrangeHRM_Login_params_003 is failed
2024-08-02 09:09:26,478 : INFO :  Test_OrangeHRM_Login_params : test_OrangeHRM_Login_params_003 : 61 : Taking for screenshot
2024-08-02 09:09:26,675 : INFO :  Test_OrangeHRM_Login_params : test_OrangeHRM_Login_params_003 : 64 : Closing the browser
2024-08-02 09:09:29,294 : INFO :  Test_OrangeHRM_Login_params : test_OrangeHRM_Login_params_003 : 66 : test_OrangeHRM_Login_params_003 is Completed
2024-08-02 09:09:59,791 : INFO :  Test_OrangeHRM_Login_params : test_OrangeHRM_Login_params_003 : 18 : test_OrangeHRM_Login_params_003 is started
2024-08-02 09:09:59,791 : INFO :  Test_OrangeHRM_Login_params : test_OrangeHRM_Login_params_003 : 20 : Opening the browser
2024-08-02 09:09:59,791 : INFO :  Test_OrangeHRM_Login_params : test_OrangeHRM_Login_params_003 : 25 : Entering Username-->Admin
2024-08-02 09:10:00,545 : INFO :  Test_OrangeHRM_Login_params : test_OrangeHRM_Login_params_003 : 28 : Entering Password-->admin1231
2024-08-02 09:10:00,907 : INFO :  Test_OrangeHRM_Login_params : test_OrangeHRM_Login_params_003 : 31 : Clicking on login button
2024-08-02 09:10:02,194 : INFO :  Test_OrangeHRM_Login_params : test_OrangeHRM_Login_params_003 : 33 : Verifying the login stauts
2024-08-02 09:10:06,288 : INFO :  Test_OrangeHRM_Login_params : test_OrangeHRM_Login_params_003 : 60 : test_OrangeHRM_Login_params_003 is failed
2024-08-02 09:10:06,289 : INFO :  Test_OrangeHRM_Login_params : test_OrangeHRM_Login_params_003 : 61 : Taking for screenshot
2024-08-02 09:10:06,527 : INFO :  Test_OrangeHRM_Login_params : test_OrangeHRM_Login_params_003 : 64 : Closing the browser
2024-08-02 09:10:09,221 : INFO :  Test_OrangeHRM_Login_params : test_OrangeHRM_Login_params_003 : 66 : test_OrangeHRM_Login_params_003 is Completed
2024-08-02 09:10:36,840 : INFO :  Test_OrangeHRM_Login_params : test_OrangeHRM_Login_params_003 : 18 : test_OrangeHRM_Login_params_003 is started
2024-08-02 09:10:36,841 : INFO :  Test_OrangeHRM_Login_params : test_OrangeHRM_Login_params_003 : 20 : Opening the browser
2024-08-02 09:10:36,843 : INFO :  Test_OrangeHRM_Login_params : test_OrangeHRM_Login_params_003 : 25 : Entering Username-->Admin1
2024-08-02 09:10:41,081 : INFO :  Test_OrangeHRM_Login_params : test_OrangeHRM_Login_params_003 : 28 : Entering Password-->admin1231
2024-08-02 09:10:41,762 : INFO :  Test_OrangeHRM_Login_params : test_OrangeHRM_Login_params_003 : 31 : Clicking on login button
2024-08-02 09:10:43,232 : INFO :  Test_OrangeHRM_Login_params : test_OrangeHRM_Login_params_003 : 33 : Verifying the login stauts
2024-08-02 09:10:47,323 : INFO :  Test_OrangeHRM_Login_params : test_OrangeHRM_Login_params_003 : 60 : test_OrangeHRM_Login_params_003 is failed
2024-08-02 09:10:47,323 : INFO :  Test_OrangeHRM_Login_params : test_OrangeHRM_Login_params_003 : 61 : Taking for screenshot
2024-08-02 09:10:47,565 : INFO :  Test_OrangeHRM_Login_params : test_OrangeHRM_Login_params_003 : 64 : Closing the browser
2024-08-02 09:10:50,501 : INFO :  Test_OrangeHRM_Login_params : test_OrangeHRM_Login_params_003 : 66 : test_OrangeHRM_Login_params_003 is Completed
2024-08-02 09:12:39,085 : INFO :  Test_OrangeHRM_Login_params : test_OrangeHRM_Login_params_003 : 18 : test_OrangeHRM_Login_params_003 is started
2024-08-02 09:12:39,086 : INFO :  Test_OrangeHRM_Login_params : test_OrangeHRM_Login_params_003 : 20 : Opening the browser
2024-08-02 09:12:39,087 : INFO :  Test_OrangeHRM_Login_params : test_OrangeHRM_Login_params_003 : 25 : Entering Username-->Admin1
2024-08-02 09:12:43,370 : INFO :  Test_OrangeHRM_Login_params : test_OrangeHRM_Login_params_003 : 18 : test_OrangeHRM_Login_params_003 is started
2024-08-02 09:12:43,370 : INFO :  Test_OrangeHRM_Login_params : test_OrangeHRM_Login_params_003 : 20 : Opening the browser
2024-08-02 09:12:43,370 : INFO :  Test_OrangeHRM_Login_params : test_OrangeHRM_Login_params_003 : 25 : Entering Username-->Admin
2024-08-02 09:12:49,518 : INFO :  Test_OrangeHRM_Login_params : test_OrangeHRM_Login_params_003 : 18 : test_OrangeHRM_Login_params_003 is started
2024-08-02 09:12:49,518 : INFO :  Test_OrangeHRM_Login_params : test_OrangeHRM_Login_params_003 : 20 : Opening the browser
2024-08-02 09:12:49,519 : INFO :  Test_OrangeHRM_Login_params : test_OrangeHRM_Login_params_003 : 25 : Entering Username-->Admin1
2024-08-02 09:12:49,825 : INFO :  Test_OrangeHRM_Login_params : test_OrangeHRM_Login_params_003 : 28 : Entering Password-->admin123
2024-08-02 09:12:50,119 : INFO :  Test_OrangeHRM_Login_params : test_OrangeHRM_Login_params_003 : 31 : Clicking on login button
2024-08-02 09:12:50,178 : INFO :  Test_OrangeHRM_Login_params : test_OrangeHRM_Login_params_003 : 28 : Entering Password-->admin1231
2024-08-02 09:12:52,251 : INFO :  Test_OrangeHRM_Login_params : test_OrangeHRM_Login_params_003 : 18 : test_OrangeHRM_Login_params_003 is started
2024-08-02 09:12:52,251 : INFO :  Test_OrangeHRM_Login_params : test_OrangeHRM_Login_params_003 : 20 : Opening the browser
2024-08-02 09:12:52,252 : INFO :  Test_OrangeHRM_Login_params : test_OrangeHRM_Login_params_003 : 25 : Entering Username-->Admin
2024-08-02 09:12:53,203 : INFO :  Test_OrangeHRM_Login_params : test_OrangeHRM_Login_params_003 : 33 : Verifying the login stauts
2024-08-02 09:12:53,648 : INFO :  Test_OrangeHRM_Login_params : test_OrangeHRM_Login_params_003 : 31 : Clicking on login button
2024-08-02 09:12:53,846 : INFO :  Test_OrangeHRM_Login_params : test_OrangeHRM_Login_params_003 : 28 : Entering Password-->admin1231
2024-08-02 09:12:54,388 : INFO :  Test_OrangeHRM_Login_params : test_OrangeHRM_Login_params_003 : 31 : Clicking on login button
2024-08-02 09:12:56,040 : INFO :  Test_OrangeHRM_Login_params : test_OrangeHRM_Login_params_003 : 35 : test_OrangeHRM_Login_params_003 is passed
2024-08-02 09:12:56,234 : INFO :  Test_OrangeHRM_Login_params : test_OrangeHRM_Login_params_003 : 33 : Verifying the login stauts
2024-08-02 09:12:56,603 : INFO :  Test_OrangeHRM_Login_params : test_OrangeHRM_Login_params_003 : 33 : Verifying the login stauts
2024-08-02 09:12:57,354 : INFO :  Test_OrangeHRM_Login_params : test_OrangeHRM_Login_params_003 : 28 : Entering Password-->admin123
2024-08-02 09:12:57,553 : INFO :  Test_OrangeHRM_Login_params : test_OrangeHRM_Login_params_003 : 31 : Clicking on login button
2024-08-02 09:12:58,041 : INFO :  Test_OrangeHRM_Login_params : test_OrangeHRM_Login_params_003 : 37 : Taking the screenshot
2024-08-02 09:12:58,700 : INFO :  Test_OrangeHRM_Login_params : test_OrangeHRM_Login_params_003 : 39 : Clicking on Menu button
2024-08-02 09:12:59,924 : INFO :  Test_OrangeHRM_Login_params : test_OrangeHRM_Login_params_003 : 33 : Verifying the login stauts
2024-08-02 09:13:00,038 : INFO :  Test_OrangeHRM_Login_params : test_OrangeHRM_Login_params_003 : 41 : Clicking on logout button
2024-08-02 09:13:00,519 : INFO :  Test_OrangeHRM_Login_params : test_OrangeHRM_Login_params_003 : 54 : test_OrangeHRM_Login_params_003 is failed
2024-08-02 09:13:00,519 : INFO :  Test_OrangeHRM_Login_params : test_OrangeHRM_Login_params_003 : 55 : Taking for screenshot
2024-08-02 09:13:01,639 : INFO :  Test_OrangeHRM_Login_params : test_OrangeHRM_Login_params_003 : 60 : test_OrangeHRM_Login_params_003 is failed
2024-08-02 09:13:01,640 : INFO :  Test_OrangeHRM_Login_params : test_OrangeHRM_Login_params_003 : 61 : Taking for screenshot
2024-08-02 09:13:01,968 : INFO :  Test_OrangeHRM_Login_params : test_OrangeHRM_Login_params_003 : 64 : Closing the browser
2024-08-02 09:13:02,378 : INFO :  Test_OrangeHRM_Login_params : test_OrangeHRM_Login_params_003 : 64 : Closing the browser
2024-08-02 09:13:04,813 : INFO :  Test_OrangeHRM_Login_params : test_OrangeHRM_Login_params_003 : 60 : test_OrangeHRM_Login_params_003 is failed
2024-08-02 09:13:04,813 : INFO :  Test_OrangeHRM_Login_params : test_OrangeHRM_Login_params_003 : 61 : Taking for screenshot
2024-08-02 09:13:05,295 : INFO :  Test_OrangeHRM_Login_params : test_OrangeHRM_Login_params_003 : 64 : Closing the browser
2024-08-02 09:13:05,592 : INFO :  Test_OrangeHRM_Login_params : test_OrangeHRM_Login_params_003 : 66 : test_OrangeHRM_Login_params_003 is Completed
2024-08-02 09:13:06,120 : INFO :  Test_OrangeHRM_Login_params : test_OrangeHRM_Login_params_003 : 66 : test_OrangeHRM_Login_params_003 is Completed
2024-08-02 09:13:08,136 : INFO :  Test_OrangeHRM_Login_params : test_OrangeHRM_Login_params_003 : 66 : test_OrangeHRM_Login_params_003 is Completed
2024-08-05 10:17:43,923 : INFO :  Test_OrangeHRM_Login : test_OrangeHRM_url_001 : 23 : test_OrangeHRM_url_001 is started
2024-08-05 10:17:43,923 : INFO :  Test_OrangeHRM_Login : test_OrangeHRM_url_001 : 25 : Opening Browser
2024-08-05 10:17:43,948 : INFO :  Test_OrangeHRM_Login : test_OrangeHRM_url_001 : 27 : Verifying the page title
2024-08-05 10:17:43,955 : INFO :  Test_OrangeHRM_Login : test_OrangeHRM_url_001 : 29 : test_OrangeHRM_url_001 is passed, user is landed on correct url
2024-08-05 10:17:45,956 : INFO :  Test_OrangeHRM_Login : test_OrangeHRM_url_001 : 31 : Taking the screenshot
2024-08-05 10:17:46,226 : INFO :  Test_OrangeHRM_Login : test_OrangeHRM_url_001 : 40 : Closing the Browser
2024-08-05 10:17:48,789 : INFO :  Test_OrangeHRM_Login : test_OrangeHRM_url_001 : 42 : test_OrangeHRM_url_001 is completed
2024-08-05 10:17:49,688 : INFO :  Test_OrangeHRM_Login_params : test_OrangeHRM_Login_params_003 : 16 : test_OrangeHRM_Login_params_003 is started
2024-08-05 10:17:49,688 : INFO :  Test_OrangeHRM_Login_params : test_OrangeHRM_Login_params_003 : 18 : Opening the browser
2024-08-05 10:17:49,688 : INFO :  Test_OrangeHRM_Login_params : test_OrangeHRM_Login_params_003 : 23 : Entering Username-->Admin
2024-08-05 10:17:50,886 : INFO :  Test_OrangeHRM_Login_params : test_OrangeHRM_Login_params_003 : 26 : Entering Password-->admin123
2024-08-05 10:17:51,007 : INFO :  Test_OrangeHRM_Login_params : test_OrangeHRM_Login_params_003 : 29 : Clicking on login button
2024-08-05 10:17:51,065 : INFO :  Test_OrangeHRM_Login_params : test_OrangeHRM_Login_params_003 : 31 : Verifying the login status
2024-08-05 10:17:58,692 : INFO :  Test_OrangeHRM_Login_params : test_OrangeHRM_Login_params_003 : 61 : Closing the browser
2024-08-05 10:18:01,222 : INFO :  Test_OrangeHRM_Login_params : test_OrangeHRM_Login_params_003 : 63 : test_OrangeHRM_Login_params_003 is completed
2024-08-05 10:18:21,954 : INFO :  Test_OrangeHRM_Login : test_OrangeHRM_Login_002 : 46 : test_OrangeHRM_Login_002 is started
2024-08-05 10:18:21,954 : INFO :  Test_OrangeHRM_Login : test_OrangeHRM_Login_002 : 48 : Opening the browser
2024-08-05 10:18:21,954 : INFO :  Test_OrangeHRM_Login : test_OrangeHRM_Login_002 : 53 : Entering Username-->Admin
2024-08-05 10:18:23,105 : INFO :  Test_OrangeHRM_Login : test_OrangeHRM_Login_002 : 56 : Entering Password-->admin123
2024-08-05 10:18:23,242 : INFO :  Test_OrangeHRM_Login : test_OrangeHRM_Login_002 : 59 : Clicking on login button
2024-08-05 10:18:23,292 : INFO :  Test_OrangeHRM_Login : test_OrangeHRM_Login_002 : 61 : Verifying the login status
2024-08-05 10:18:25,044 : INFO :  Test_OrangeHRM_Login : test_OrangeHRM_Login_002 : 73 : test_OrangeHRM_Login_002 is failed
2024-08-05 10:18:25,044 : INFO :  Test_OrangeHRM_Login : test_OrangeHRM_Login_002 : 74 : Taking for screenshot
2024-08-05 10:18:32,382 : INFO :  Test_OrangeHRM_Login_params : test_OrangeHRM_Login_params_003 : 16 : test_OrangeHRM_Login_params_003 is started
2024-08-05 10:18:32,382 : INFO :  Test_OrangeHRM_Login_params : test_OrangeHRM_Login_params_003 : 18 : Opening the browser
2024-08-05 10:18:32,382 : INFO :  Test_OrangeHRM_Login_params : test_OrangeHRM_Login_params_003 : 23 : Entering Username-->Admin1
2024-08-05 10:18:33,079 : INFO :  Test_OrangeHRM_Login_params : test_OrangeHRM_Login_params_003 : 26 : Entering Password-->admin123
2024-08-05 10:18:33,180 : INFO :  Test_OrangeHRM_Login_params : test_OrangeHRM_Login_params_003 : 29 : Clicking on login button
2024-08-05 10:18:33,234 : INFO :  Test_OrangeHRM_Login_params : test_OrangeHRM_Login_params_003 : 31 : Verifying the login status
2024-08-05 10:18:37,832 : INFO :  Test_OrangeHRM_Login_params : test_OrangeHRM_Login_params_003 : 57 : test_OrangeHRM_Login_params_003 is passed
2024-08-05 10:18:37,833 : INFO :  Test_OrangeHRM_Login_params : test_OrangeHRM_Login_params_003 : 58 : Taking a screenshot
2024-08-05 10:18:37,890 : INFO :  Test_OrangeHRM_Login_params : test_OrangeHRM_Login_params_003 : 61 : Closing the browser
2024-08-05 10:18:39,320 : INFO :  Test_OrangeHRM_Login_params : test_OrangeHRM_Login_params_003 : 16 : test_OrangeHRM_Login_params_003 is started
2024-08-05 10:18:39,320 : INFO :  Test_OrangeHRM_Login_params : test_OrangeHRM_Login_params_003 : 18 : Opening the browser
2024-08-05 10:18:39,320 : INFO :  Test_OrangeHRM_Login_params : test_OrangeHRM_Login_params_003 : 23 : Entering Username-->Admin
2024-08-05 10:18:40,428 : INFO :  Test_OrangeHRM_Login_params : test_OrangeHRM_Login_params_003 : 63 : test_OrangeHRM_Login_params_003 is completed
2024-08-05 10:18:40,466 : INFO :  Test_OrangeHRM_Login_params : test_OrangeHRM_Login_params_003 : 26 : Entering Password-->admin1231
2024-08-05 10:18:40,563 : INFO :  Test_OrangeHRM_Login_params : test_OrangeHRM_Login_params_003 : 29 : Clicking on login button
2024-08-05 10:18:40,615 : INFO :  Test_OrangeHRM_Login_params : test_OrangeHRM_Login_params_003 : 31 : Verifying the login status
2024-08-05 10:18:45,618 : INFO :  Test_OrangeHRM_Login_params : test_OrangeHRM_Login_params_003 : 57 : test_OrangeHRM_Login_params_003 is passed
2024-08-05 10:18:45,618 : INFO :  Test_OrangeHRM_Login_params : test_OrangeHRM_Login_params_003 : 58 : Taking a screenshot
2024-08-05 10:18:45,690 : INFO :  Test_OrangeHRM_Login_params : test_OrangeHRM_Login_params_003 : 61 : Closing the browser
2024-08-05 10:18:48,200 : INFO :  Test_OrangeHRM_Login_params : test_OrangeHRM_Login_params_003 : 63 : test_OrangeHRM_Login_params_003 is completed
2024-08-05 10:19:15,187 : INFO :  Test_OrangeHRM_Login_params : test_OrangeHRM_Login_params_003 : 16 : test_OrangeHRM_Login_params_003 is started
2024-08-05 10:19:15,187 : INFO :  Test_OrangeHRM_Login_params : test_OrangeHRM_Login_params_003 : 18 : Opening the browser
2024-08-05 10:19:15,187 : INFO :  Test_OrangeHRM_Login_params : test_OrangeHRM_Login_params_003 : 23 : Entering Username-->Admin1
2024-08-05 10:19:16,369 : INFO :  Test_OrangeHRM_Login_params : test_OrangeHRM_Login_params_003 : 26 : Entering Password-->admin1231
2024-08-05 10:19:16,478 : INFO :  Test_OrangeHRM_Login_params : test_OrangeHRM_Login_params_003 : 29 : Clicking on login button
2024-08-05 10:19:16,536 : INFO :  Test_OrangeHRM_Login_params : test_OrangeHRM_Login_params_003 : 31 : Verifying the login status
2024-08-05 10:19:21,240 : INFO :  Test_OrangeHRM_Login_params : test_OrangeHRM_Login_params_003 : 57 : test_OrangeHRM_Login_params_003 is passed
2024-08-05 10:19:21,241 : INFO :  Test_OrangeHRM_Login_params : test_OrangeHRM_Login_params_003 : 58 : Taking a screenshot
2024-08-05 10:19:21,300 : INFO :  Test_OrangeHRM_Login_params : test_OrangeHRM_Login_params_003 : 61 : Closing the browser
2024-08-05 10:19:23,824 : INFO :  Test_OrangeHRM_Login_params : test_OrangeHRM_Login_params_003 : 63 : test_OrangeHRM_Login_params_003 is completed
2024-08-05 10:20:49,204 : INFO :  Test_OrangeHRM_Login_params : test_OrangeHRM_Login_params_003 : 16 : test_OrangeHRM_Login_params_003 is started
2024-08-05 10:20:49,205 : INFO :  Test_OrangeHRM_Login_params : test_OrangeHRM_Login_params_003 : 18 : Opening the browser
2024-08-05 10:20:49,205 : INFO :  Test_OrangeHRM_Login_params : test_OrangeHRM_Login_params_003 : 23 : Entering Username-->Admin
2024-08-05 10:20:50,312 : INFO :  Test_OrangeHRM_Login_params : test_OrangeHRM_Login_params_003 : 26 : Entering Password-->admin123
2024-08-05 10:20:50,423 : INFO :  Test_OrangeHRM_Login_params : test_OrangeHRM_Login_params_003 : 29 : Clicking on login button
2024-08-05 10:20:50,490 : INFO :  Test_OrangeHRM_Login_params : test_OrangeHRM_Login_params_003 : 31 : Verifying the login status
2024-08-05 10:20:55,606 : INFO :  Test_OrangeHRM_Login : test_OrangeHRM_url_001 : 23 : test_OrangeHRM_url_001 is started
2024-08-05 10:20:55,607 : INFO :  Test_OrangeHRM_Login : test_OrangeHRM_url_001 : 25 : Opening Browser
2024-08-05 10:20:55,615 : INFO :  Test_OrangeHRM_Login : test_OrangeHRM_url_001 : 27 : Verifying the page title
2024-08-05 10:20:55,620 : INFO :  Test_OrangeHRM_Login : test_OrangeHRM_url_001 : 29 : test_OrangeHRM_url_001 is passed, user is landed on correct url
2024-08-05 10:20:57,622 : INFO :  Test_OrangeHRM_Login : test_OrangeHRM_url_001 : 31 : Taking the screenshot
2024-08-05 10:20:57,776 : INFO :  Test_OrangeHRM_Login : test_OrangeHRM_url_001 : 40 : Closing the Browser
2024-08-05 10:20:58,454 : INFO :  Test_OrangeHRM_Login_params : test_OrangeHRM_Login_params_003 : 61 : Closing the browser
2024-08-05 10:21:01,147 : INFO :  Test_OrangeHRM_Login : test_OrangeHRM_url_001 : 42 : test_OrangeHRM_url_001 is completed
2024-08-05 10:21:01,162 : INFO :  Test_OrangeHRM_Login_params : test_OrangeHRM_Login_params_003 : 63 : test_OrangeHRM_Login_params_003 is completed
2024-08-05 10:21:34,420 : INFO :  Test_OrangeHRM_Login_params : test_OrangeHRM_Login_params_003 : 16 : test_OrangeHRM_Login_params_003 is started
2024-08-05 10:21:34,421 : INFO :  Test_OrangeHRM_Login_params : test_OrangeHRM_Login_params_003 : 18 : Opening the browser
2024-08-05 10:21:34,421 : INFO :  Test_OrangeHRM_Login_params : test_OrangeHRM_Login_params_003 : 23 : Entering Username-->Admin1
2024-08-05 10:21:35,139 : INFO :  Test_OrangeHRM_Login_params : test_OrangeHRM_Login_params_003 : 26 : Entering Password-->admin123
2024-08-05 10:21:35,247 : INFO :  Test_OrangeHRM_Login_params : test_OrangeHRM_Login_params_003 : 29 : Clicking on login button
2024-08-05 10:21:36,567 : INFO :  Test_OrangeHRM_Login_params : test_OrangeHRM_Login_params_003 : 31 : Verifying the login status
2024-08-05 10:21:39,529 : INFO :  Test_OrangeHRM_Login : test_OrangeHRM_Login_002 : 46 : test_OrangeHRM_Login_002 is started
2024-08-05 10:21:39,529 : INFO :  Test_OrangeHRM_Login : test_OrangeHRM_Login_002 : 48 : Opening the browser
2024-08-05 10:21:39,529 : INFO :  Test_OrangeHRM_Login : test_OrangeHRM_Login_002 : 53 : Entering Username-->Admin
2024-08-05 10:21:40,148 : INFO :  Test_OrangeHRM_Login : test_OrangeHRM_Login_002 : 56 : Entering Password-->admin123
2024-08-05 10:21:40,294 : INFO :  Test_OrangeHRM_Login : test_OrangeHRM_Login_002 : 59 : Clicking on login button
2024-08-05 10:21:40,626 : INFO :  Test_OrangeHRM_Login_params : test_OrangeHRM_Login_params_003 : 57 : test_OrangeHRM_Login_params_003 is passed
2024-08-05 10:21:40,626 : INFO :  Test_OrangeHRM_Login_params : test_OrangeHRM_Login_params_003 : 58 : Taking a screenshot
2024-08-05 10:21:40,817 : INFO :  Test_OrangeHRM_Login_params : test_OrangeHRM_Login_params_003 : 61 : Closing the browser
2024-08-05 10:21:41,585 : INFO :  Test_OrangeHRM_Login : test_OrangeHRM_Login_002 : 61 : Verifying the login status
2024-08-05 10:21:43,524 : INFO :  Test_OrangeHRM_Login_params : test_OrangeHRM_Login_params_003 : 63 : test_OrangeHRM_Login_params_003 is completed
2024-08-05 10:21:43,602 : INFO :  Test_OrangeHRM_Login : test_OrangeHRM_Login_002 : 63 : test_OrangeHRM_Login_002 is passed
2024-08-05 10:21:45,602 : INFO :  Test_OrangeHRM_Login : test_OrangeHRM_Login_002 : 65 : Taking the screenshot
2024-08-05 10:21:45,780 : INFO :  Test_OrangeHRM_Login : test_OrangeHRM_Login_002 : 67 : Clicking on Menu button
2024-08-05 10:21:45,840 : INFO :  Test_OrangeHRM_Login : test_OrangeHRM_Login_002 : 69 : Clicking on logout button
2024-08-05 10:21:46,803 : INFO :  Test_OrangeHRM_Login : test_OrangeHRM_Login_002 : 77 : Closing the browser
2024-08-05 10:21:49,260 : INFO :  Test_OrangeHRM_Login : test_OrangeHRM_Login_002 : 79 : test_OrangeHRM_Login_002 is completed
2024-08-05 10:22:16,334 : INFO :  Test_OrangeHRM_Login_params : test_OrangeHRM_Login_params_003 : 16 : test_OrangeHRM_Login_params_003 is started
2024-08-05 10:22:16,335 : INFO :  Test_OrangeHRM_Login_params : test_OrangeHRM_Login_params_003 : 18 : Opening the browser
2024-08-05 10:22:16,335 : INFO :  Test_OrangeHRM_Login_params : test_OrangeHRM_Login_params_003 : 23 : Entering Username-->Admin
2024-08-05 10:22:17,002 : INFO :  Test_OrangeHRM_Login_params : test_OrangeHRM_Login_params_003 : 26 : Entering Password-->admin1231
2024-08-05 10:22:17,102 : INFO :  Test_OrangeHRM_Login_params : test_OrangeHRM_Login_params_003 : 29 : Clicking on login button
2024-08-05 10:22:17,163 : INFO :  Test_OrangeHRM_Login_params : test_OrangeHRM_Login_params_003 : 31 : Verifying the login status
2024-08-05 10:22:19,461 : INFO :  Test_OrangeHRM_Login_params : test_OrangeHRM_Login_params_003 : 16 : test_OrangeHRM_Login_params_003 is started
2024-08-05 10:22:19,462 : INFO :  Test_OrangeHRM_Login_params : test_OrangeHRM_Login_params_003 : 18 : Opening the browser
2024-08-05 10:22:19,462 : INFO :  Test_OrangeHRM_Login_params : test_OrangeHRM_Login_params_003 : 23 : Entering Username-->Admin1
2024-08-05 10:22:20,150 : INFO :  Test_OrangeHRM_Login_params : test_OrangeHRM_Login_params_003 : 26 : Entering Password-->admin1231
2024-08-05 10:22:20,293 : INFO :  Test_OrangeHRM_Login_params : test_OrangeHRM_Login_params_003 : 29 : Clicking on login button
2024-08-05 10:22:21,322 : INFO :  Test_OrangeHRM_Login_params : test_OrangeHRM_Login_params_003 : 31 : Verifying the login status
2024-08-05 10:22:21,757 : INFO :  Test_OrangeHRM_Login_params : test_OrangeHRM_Login_params_003 : 57 : test_OrangeHRM_Login_params_003 is passed
2024-08-05 10:22:21,757 : INFO :  Test_OrangeHRM_Login_params : test_OrangeHRM_Login_params_003 : 58 : Taking a screenshot
2024-08-05 10:22:22,357 : INFO :  Test_OrangeHRM_Login_params : test_OrangeHRM_Login_params_003 : 61 : Closing the browser
2024-08-05 10:22:25,423 : INFO :  Test_OrangeHRM_Login_params : test_OrangeHRM_Login_params_003 : 57 : test_OrangeHRM_Login_params_003 is passed
2024-08-05 10:22:25,423 : INFO :  Test_OrangeHRM_Login_params : test_OrangeHRM_Login_params_003 : 58 : Taking a screenshot
2024-08-05 10:22:25,569 : INFO :  Test_OrangeHRM_Login_params : test_OrangeHRM_Login_params_003 : 61 : Closing the browser
2024-08-05 10:22:25,631 : INFO :  Test_OrangeHRM_Login_params : test_OrangeHRM_Login_params_003 : 63 : test_OrangeHRM_Login_params_003 is completed
2024-08-05 10:22:29,544 : INFO :  Test_OrangeHRM_Login_params : test_OrangeHRM_Login_params_003 : 63 : test_OrangeHRM_Login_params_003 is completed
2024-08-05 20:43:47,414 : INFO :  Test_OrangeHRM_Login : test_OrangeHRM_Login_002 : 46 : test_OrangeHRM_Login_002 is started
2024-08-05 20:43:47,459 : INFO :  Test_OrangeHRM_Login : test_OrangeHRM_Login_002 : 48 : Opening the browser
2024-08-05 20:43:47,459 : INFO :  Test_OrangeHRM_Login : test_OrangeHRM_Login_002 : 53 : Entering Username-->Admin
2024-08-10 19:11:23,651 : INFO :  Test_OrangeHRM_Login : test_OrangeHRM_url_001 : 23 : test_OrangeHRM_url_001 is started
2024-08-10 19:11:23,772 : INFO :  Test_OrangeHRM_Login : test_OrangeHRM_url_001 : 25 : Opening Browser
2024-08-10 19:11:23,772 : INFO :  Test_OrangeHRM_Login : test_OrangeHRM_url_001 : 27 : Verifying the page title
2024-08-10 19:11:23,787 : INFO :  Test_OrangeHRM_Login : test_OrangeHRM_url_001 : 29 : test_OrangeHRM_url_001 is passed, user is landed on correct url
2024-08-10 19:11:25,791 : INFO :  Test_OrangeHRM_Login : test_OrangeHRM_url_001 : 31 : Taking the screenshot
2024-08-10 19:11:25,846 : INFO :  Test_OrangeHRM_Login : test_OrangeHRM_url_001 : 40 : Closing the Browser
2024-08-10 19:11:31,166 : INFO :  Test_OrangeHRM_Login : test_OrangeHRM_url_001 : 42 : test_OrangeHRM_url_001 is completed
2024-08-10 19:12:00,594 : INFO :  Test_OrangeHRM_Login : test_OrangeHRM_Login_002 : 46 : test_OrangeHRM_Login_002 is started
2024-08-10 19:12:00,595 : INFO :  Test_OrangeHRM_Login : test_OrangeHRM_Login_002 : 48 : Opening the browser
2024-08-10 19:12:00,595 : INFO :  Test_OrangeHRM_Login : test_OrangeHRM_Login_002 : 53 : Entering Username-->Admin
2024-08-10 19:12:01,973 : INFO :  Test_OrangeHRM_Login : test_OrangeHRM_Login_002 : 56 : Entering Password-->admin123
2024-08-10 19:12:02,091 : INFO :  Test_OrangeHRM_Login : test_OrangeHRM_Login_002 : 59 : Clicking on login button
2024-08-10 19:12:02,149 : INFO :  Test_OrangeHRM_Login : test_OrangeHRM_Login_002 : 61 : Verifying the login status
2024-08-10 19:12:03,421 : INFO :  Test_OrangeHRM_Login : test_OrangeHRM_Login_002 : 73 : test_OrangeHRM_Login_002 is failed
2024-08-10 19:12:03,421 : INFO :  Test_OrangeHRM_Login : test_OrangeHRM_Login_002 : 74 : Taking for screenshot
2024-08-10 19:12:17,340 : INFO :  Test_OrangeHRM_Login_params : test_OrangeHRM_Login_params_003 : 16 : test_OrangeHRM_Login_params_003 is started
2024-08-10 19:12:17,356 : INFO :  Test_OrangeHRM_Login_params : test_OrangeHRM_Login_params_003 : 18 : Opening the browser
2024-08-10 19:12:17,356 : INFO :  Test_OrangeHRM_Login_params : test_OrangeHRM_Login_params_003 : 23 : Entering Username-->Admin
2024-08-10 19:12:17,960 : INFO :  Test_OrangeHRM_Login_params : test_OrangeHRM_Login_params_003 : 26 : Entering Password-->admin123
2024-08-10 19:12:18,071 : INFO :  Test_OrangeHRM_Login_params : test_OrangeHRM_Login_params_003 : 29 : Clicking on login button
2024-08-10 19:12:18,128 : INFO :  Test_OrangeHRM_Login_params : test_OrangeHRM_Login_params_003 : 31 : Verifying the login status
2024-08-10 19:12:25,421 : INFO :  Test_OrangeHRM_Login_params : test_OrangeHRM_Login_params_003 : 61 : Closing the browser
2024-08-10 19:12:27,934 : INFO :  Test_OrangeHRM_Login_params : test_OrangeHRM_Login_params_003 : 63 : test_OrangeHRM_Login_params_003 is completed
2024-08-10 19:12:56,832 : INFO :  Test_OrangeHRM_Login_params : test_OrangeHRM_Login_params_003 : 16 : test_OrangeHRM_Login_params_003 is started
2024-08-10 19:12:56,832 : INFO :  Test_OrangeHRM_Login_params : test_OrangeHRM_Login_params_003 : 18 : Opening the browser
2024-08-10 19:12:56,832 : INFO :  Test_OrangeHRM_Login_params : test_OrangeHRM_Login_params_003 : 23 : Entering Username-->Admin1
2024-08-10 19:12:57,435 : INFO :  Test_OrangeHRM_Login_params : test_OrangeHRM_Login_params_003 : 26 : Entering Password-->admin123
2024-08-10 19:12:57,540 : INFO :  Test_OrangeHRM_Login_params : test_OrangeHRM_Login_params_003 : 29 : Clicking on login button
2024-08-10 19:12:57,601 : INFO :  Test_OrangeHRM_Login_params : test_OrangeHRM_Login_params_003 : 31 : Verifying the login status
2024-08-10 19:13:01,653 : INFO :  Test_OrangeHRM_Login_params : test_OrangeHRM_Login_params_003 : 57 : test_OrangeHRM_Login_params_003 is passed
2024-08-10 19:13:01,653 : INFO :  Test_OrangeHRM_Login_params : test_OrangeHRM_Login_params_003 : 58 : Taking a screenshot
2024-08-10 19:13:01,708 : INFO :  Test_OrangeHRM_Login_params : test_OrangeHRM_Login_params_003 : 61 : Closing the browser
2024-08-10 19:13:04,371 : INFO :  Test_OrangeHRM_Login_params : test_OrangeHRM_Login_params_003 : 63 : test_OrangeHRM_Login_params_003 is completed
2024-08-10 19:13:33,947 : INFO :  Test_OrangeHRM_Login_params : test_OrangeHRM_Login_params_003 : 16 : test_OrangeHRM_Login_params_003 is started
2024-08-10 19:13:33,948 : INFO :  Test_OrangeHRM_Login_params : test_OrangeHRM_Login_params_003 : 18 : Opening the browser
2024-08-10 19:13:33,948 : INFO :  Test_OrangeHRM_Login_params : test_OrangeHRM_Login_params_003 : 23 : Entering Username-->Admin
2024-08-10 19:13:35,069 : INFO :  Test_OrangeHRM_Login_params : test_OrangeHRM_Login_params_003 : 26 : Entering Password-->admin1231
2024-08-10 19:13:35,184 : INFO :  Test_OrangeHRM_Login_params : test_OrangeHRM_Login_params_003 : 29 : Clicking on login button
2024-08-10 19:13:35,242 : INFO :  Test_OrangeHRM_Login_params : test_OrangeHRM_Login_params_003 : 31 : Verifying the login status
2024-08-10 19:13:39,485 : INFO :  Test_OrangeHRM_Login_params : test_OrangeHRM_Login_params_003 : 57 : test_OrangeHRM_Login_params_003 is passed
2024-08-10 19:13:39,485 : INFO :  Test_OrangeHRM_Login_params : test_OrangeHRM_Login_params_003 : 58 : Taking a screenshot
2024-08-10 19:13:39,539 : INFO :  Test_OrangeHRM_Login_params : test_OrangeHRM_Login_params_003 : 61 : Closing the browser
2024-08-10 19:13:42,071 : INFO :  Test_OrangeHRM_Login_params : test_OrangeHRM_Login_params_003 : 63 : test_OrangeHRM_Login_params_003 is completed
2024-08-10 19:14:14,377 : INFO :  Test_OrangeHRM_Login_params : test_OrangeHRM_Login_params_003 : 16 : test_OrangeHRM_Login_params_003 is started
2024-08-10 19:14:14,377 : INFO :  Test_OrangeHRM_Login_params : test_OrangeHRM_Login_params_003 : 18 : Opening the browser
2024-08-10 19:14:14,377 : INFO :  Test_OrangeHRM_Login_params : test_OrangeHRM_Login_params_003 : 23 : Entering Username-->Admin1
2024-08-10 19:14:15,493 : INFO :  Test_OrangeHRM_Login_params : test_OrangeHRM_Login_params_003 : 26 : Entering Password-->admin1231
2024-08-10 19:14:15,596 : INFO :  Test_OrangeHRM_Login_params : test_OrangeHRM_Login_params_003 : 29 : Clicking on login button
2024-08-10 19:14:15,653 : INFO :  Test_OrangeHRM_Login_params : test_OrangeHRM_Login_params_003 : 31 : Verifying the login status
2024-08-10 19:14:19,705 : INFO :  Test_OrangeHRM_Login_params : test_OrangeHRM_Login_params_003 : 57 : test_OrangeHRM_Login_params_003 is passed
2024-08-10 19:14:19,705 : INFO :  Test_OrangeHRM_Login_params : test_OrangeHRM_Login_params_003 : 58 : Taking a screenshot
2024-08-10 19:14:19,764 : INFO :  Test_OrangeHRM_Login_params : test_OrangeHRM_Login_params_003 : 61 : Closing the browser
2024-08-10 19:14:22,281 : INFO :  Test_OrangeHRM_Login_params : test_OrangeHRM_Login_params_003 : 63 : test_OrangeHRM_Login_params_003 is completed
2024-08-11 20:04:37,885 : INFO :  Test_OrangeHRM_Login : test_OrangeHRM_url_001 : 23 : test_OrangeHRM_url_001 is started
2024-08-11 20:04:37,911 : INFO :  Test_OrangeHRM_Login : test_OrangeHRM_url_001 : 25 : Opening Browser
2024-08-11 20:04:37,919 : INFO :  Test_OrangeHRM_Login : test_OrangeHRM_url_001 : 27 : Verifying the page title
2024-08-11 20:04:37,924 : INFO :  Test_OrangeHRM_Login : test_OrangeHRM_url_001 : 29 : test_OrangeHRM_url_001 is passed, user is landed on correct url
2024-08-11 20:04:39,925 : INFO :  Test_OrangeHRM_Login : test_OrangeHRM_url_001 : 31 : Taking the screenshot
2024-08-11 20:04:39,998 : INFO :  Test_OrangeHRM_Login : test_OrangeHRM_url_001 : 40 : Closing the Browser
2024-08-11 20:04:42,509 : INFO :  Test_OrangeHRM_Login : test_OrangeHRM_url_001 : 42 : test_OrangeHRM_url_001 is completed
2024-08-11 20:05:15,123 : INFO :  Test_OrangeHRM_Login : test_OrangeHRM_Login_002 : 46 : test_OrangeHRM_Login_002 is started
2024-08-11 20:05:15,123 : INFO :  Test_OrangeHRM_Login : test_OrangeHRM_Login_002 : 48 : Opening the browser
2024-08-11 20:05:15,123 : INFO :  Test_OrangeHRM_Login : test_OrangeHRM_Login_002 : 53 : Entering Username-->Admin
2024-08-11 20:05:16,135 : INFO :  Test_OrangeHRM_Login : test_OrangeHRM_Login_002 : 56 : Entering Password-->admin123
2024-08-11 20:05:16,256 : INFO :  Test_OrangeHRM_Login : test_OrangeHRM_Login_002 : 59 : Clicking on login button
2024-08-11 20:05:16,321 : INFO :  Test_OrangeHRM_Login : test_OrangeHRM_Login_002 : 61 : Verifying the login status
2024-08-11 20:05:17,598 : INFO :  Test_OrangeHRM_Login : test_OrangeHRM_Login_002 : 73 : test_OrangeHRM_Login_002 is failed
2024-08-11 20:05:17,598 : INFO :  Test_OrangeHRM_Login : test_OrangeHRM_Login_002 : 74 : Taking for screenshot
2024-08-11 20:05:27,104 : INFO :  Test_OrangeHRM_Login_params : test_OrangeHRM_Login_params_003 : 16 : test_OrangeHRM_Login_params_003 is started
2024-08-11 20:05:27,104 : INFO :  Test_OrangeHRM_Login_params : test_OrangeHRM_Login_params_003 : 18 : Opening the browser
2024-08-11 20:05:27,104 : INFO :  Test_OrangeHRM_Login_params : test_OrangeHRM_Login_params_003 : 23 : Entering Username-->Admin
2024-08-11 20:05:27,831 : INFO :  Test_OrangeHRM_Login_params : test_OrangeHRM_Login_params_003 : 26 : Entering Password-->admin123
2024-08-11 20:05:27,951 : INFO :  Test_OrangeHRM_Login_params : test_OrangeHRM_Login_params_003 : 29 : Clicking on login button
2024-08-11 20:05:28,025 : INFO :  Test_OrangeHRM_Login_params : test_OrangeHRM_Login_params_003 : 31 : Verifying the login status
2024-08-11 20:05:35,513 : INFO :  Test_OrangeHRM_Login_params : test_OrangeHRM_Login_params_003 : 61 : Closing the browser
2024-08-11 20:05:38,093 : INFO :  Test_OrangeHRM_Login_params : test_OrangeHRM_Login_params_003 : 63 : test_OrangeHRM_Login_params_003 is completed
2024-08-11 20:06:09,994 : INFO :  Test_OrangeHRM_Login_params : test_OrangeHRM_Login_params_003 : 16 : test_OrangeHRM_Login_params_003 is started
2024-08-11 20:06:09,994 : INFO :  Test_OrangeHRM_Login_params : test_OrangeHRM_Login_params_003 : 18 : Opening the browser
2024-08-11 20:06:09,994 : INFO :  Test_OrangeHRM_Login_params : test_OrangeHRM_Login_params_003 : 23 : Entering Username-->Admin1
2024-08-11 20:06:11,265 : INFO :  Test_OrangeHRM_Login_params : test_OrangeHRM_Login_params_003 : 26 : Entering Password-->admin123
2024-08-11 20:06:11,382 : INFO :  Test_OrangeHRM_Login_params : test_OrangeHRM_Login_params_003 : 29 : Clicking on login button
2024-08-11 20:06:11,449 : INFO :  Test_OrangeHRM_Login_params : test_OrangeHRM_Login_params_003 : 31 : Verifying the login status
2024-08-11 20:06:15,728 : INFO :  Test_OrangeHRM_Login_params : test_OrangeHRM_Login_params_003 : 57 : test_OrangeHRM_Login_params_003 is passed
2024-08-11 20:06:15,729 : INFO :  Test_OrangeHRM_Login_params : test_OrangeHRM_Login_params_003 : 58 : Taking a screenshot
2024-08-11 20:06:15,834 : INFO :  Test_OrangeHRM_Login_params : test_OrangeHRM_Login_params_003 : 61 : Closing the browser
2024-08-11 20:06:18,360 : INFO :  Test_OrangeHRM_Login_params : test_OrangeHRM_Login_params_003 : 63 : test_OrangeHRM_Login_params_003 is completed
2024-08-11 20:06:51,839 : INFO :  Test_OrangeHRM_Login_params : test_OrangeHRM_Login_params_003 : 16 : test_OrangeHRM_Login_params_003 is started
2024-08-11 20:06:51,839 : INFO :  Test_OrangeHRM_Login_params : test_OrangeHRM_Login_params_003 : 18 : Opening the browser
2024-08-11 20:06:51,839 : INFO :  Test_OrangeHRM_Login_params : test_OrangeHRM_Login_params_003 : 23 : Entering Username-->Admin
2024-08-11 20:06:53,012 : INFO :  Test_OrangeHRM_Login_params : test_OrangeHRM_Login_params_003 : 26 : Entering Password-->admin1231
2024-08-11 20:06:53,168 : INFO :  Test_OrangeHRM_Login_params : test_OrangeHRM_Login_params_003 : 29 : Clicking on login button
2024-08-11 20:06:54,470 : INFO :  Test_OrangeHRM_Login_params : test_OrangeHRM_Login_params_003 : 31 : Verifying the login status
2024-08-11 20:06:58,631 : INFO :  Test_OrangeHRM_Login_params : test_OrangeHRM_Login_params_003 : 57 : test_OrangeHRM_Login_params_003 is passed
2024-08-11 20:06:58,632 : INFO :  Test_OrangeHRM_Login_params : test_OrangeHRM_Login_params_003 : 58 : Taking a screenshot
2024-08-11 20:06:58,736 : INFO :  Test_OrangeHRM_Login_params : test_OrangeHRM_Login_params_003 : 61 : Closing the browser
2024-08-11 20:07:01,313 : INFO :  Test_OrangeHRM_Login_params : test_OrangeHRM_Login_params_003 : 63 : test_OrangeHRM_Login_params_003 is completed
2024-08-11 20:07:54,548 : INFO :  Test_OrangeHRM_Login_params : test_OrangeHRM_Login_params_003 : 16 : test_OrangeHRM_Login_params_003 is started
2024-08-11 20:07:54,548 : INFO :  Test_OrangeHRM_Login_params : test_OrangeHRM_Login_params_003 : 18 : Opening the browser
2024-08-11 20:07:54,548 : INFO :  Test_OrangeHRM_Login_params : test_OrangeHRM_Login_params_003 : 23 : Entering Username-->Admin1
2024-08-11 20:07:55,690 : INFO :  Test_OrangeHRM_Login_params : test_OrangeHRM_Login_params_003 : 26 : Entering Password-->admin1231
2024-08-11 20:07:55,806 : INFO :  Test_OrangeHRM_Login_params : test_OrangeHRM_Login_params_003 : 29 : Clicking on login button
2024-08-11 20:07:55,881 : INFO :  Test_OrangeHRM_Login_params : test_OrangeHRM_Login_params_003 : 31 : Verifying the login status
2024-08-11 20:08:00,994 : INFO :  Test_OrangeHRM_Login_params : test_OrangeHRM_Login_params_003 : 57 : test_OrangeHRM_Login_params_003 is passed
2024-08-11 20:08:00,995 : INFO :  Test_OrangeHRM_Login_params : test_OrangeHRM_Login_params_003 : 58 : Taking a screenshot
2024-08-11 20:08:01,090 : INFO :  Test_OrangeHRM_Login_params : test_OrangeHRM_Login_params_003 : 61 : Closing the browser
2024-08-11 20:08:03,656 : INFO :  Test_OrangeHRM_Login_params : test_OrangeHRM_Login_params_003 : 63 : test_OrangeHRM_Login_params_003 is completed
2024-08-11 20:13:36,263 : INFO :  Test_OrangeHRM_Login : test_OrangeHRM_url_001 : 23 : test_OrangeHRM_url_001 is started
2024-08-11 20:13:36,263 : INFO :  Test_OrangeHRM_Login : test_OrangeHRM_url_001 : 25 : Opening Browser
2024-08-11 20:13:36,271 : INFO :  Test_OrangeHRM_Login : test_OrangeHRM_url_001 : 27 : Verifying the page title
2024-08-11 20:13:36,281 : INFO :  Test_OrangeHRM_Login : test_OrangeHRM_url_001 : 29 : test_OrangeHRM_url_001 is passed, user is landed on correct url
2024-08-11 20:13:38,282 : INFO :  Test_OrangeHRM_Login : test_OrangeHRM_url_001 : 31 : Taking the screenshot
2024-08-11 20:13:38,434 : INFO :  Test_OrangeHRM_Login : test_OrangeHRM_url_001 : 40 : Closing the Browser
2024-08-11 20:13:41,045 : INFO :  Test_OrangeHRM_Login : test_OrangeHRM_url_001 : 42 : test_OrangeHRM_url_001 is completed
2024-08-11 20:14:22,452 : INFO :  Test_OrangeHRM_Login : test_OrangeHRM_Login_002 : 46 : test_OrangeHRM_Login_002 is started
2024-08-11 20:14:22,453 : INFO :  Test_OrangeHRM_Login : test_OrangeHRM_Login_002 : 48 : Opening the browser
2024-08-11 20:14:22,453 : INFO :  Test_OrangeHRM_Login : test_OrangeHRM_Login_002 : 53 : Entering Username-->Admin
2024-08-11 20:14:24,674 : INFO :  Test_OrangeHRM_Login : test_OrangeHRM_Login_002 : 56 : Entering Password-->admin123
2024-08-11 20:14:24,799 : INFO :  Test_OrangeHRM_Login : test_OrangeHRM_Login_002 : 59 : Clicking on login button
2024-08-11 20:14:29,570 : INFO :  Test_OrangeHRM_Login : test_OrangeHRM_Login_002 : 61 : Verifying the login status
2024-08-11 20:14:31,618 : INFO :  Test_OrangeHRM_Login : test_OrangeHRM_Login_002 : 63 : test_OrangeHRM_Login_002 is passed
2024-08-11 20:14:33,619 : INFO :  Test_OrangeHRM_Login : test_OrangeHRM_Login_002 : 65 : Taking the screenshot
2024-08-11 20:14:33,782 : INFO :  Test_OrangeHRM_Login : test_OrangeHRM_Login_002 : 67 : Clicking on Menu button
2024-08-11 20:14:33,850 : INFO :  Test_OrangeHRM_Login : test_OrangeHRM_Login_002 : 69 : Clicking on logout button
2024-08-11 20:14:35,013 : INFO :  Test_OrangeHRM_Login : test_OrangeHRM_Login_002 : 77 : Closing the browser
2024-08-11 20:14:37,601 : INFO :  Test_OrangeHRM_Login : test_OrangeHRM_Login_002 : 79 : test_OrangeHRM_Login_002 is completed
2024-08-11 20:15:15,780 : INFO :  Test_OrangeHRM_Login_params : test_OrangeHRM_Login_params_003 : 16 : test_OrangeHRM_Login_params_003 is started
2024-08-11 20:15:15,780 : INFO :  Test_OrangeHRM_Login_params : test_OrangeHRM_Login_params_003 : 18 : Opening the browser
2024-08-11 20:15:15,780 : INFO :  Test_OrangeHRM_Login_params : test_OrangeHRM_Login_params_003 : 23 : Entering Username-->Admin
2024-08-11 20:15:16,944 : INFO :  Test_OrangeHRM_Login_params : test_OrangeHRM_Login_params_003 : 26 : Entering Password-->admin123
2024-08-11 20:15:17,073 : INFO :  Test_OrangeHRM_Login_params : test_OrangeHRM_Login_params_003 : 29 : Clicking on login button
2024-08-11 20:15:20,404 : INFO :  Test_OrangeHRM_Login_params : test_OrangeHRM_Login_params_003 : 31 : Verifying the login status
2024-08-11 20:15:22,422 : INFO :  Test_OrangeHRM_Login_params : test_OrangeHRM_Login_params_003 : 33 : test_OrangeHRM_Login_params_003 is passed
2024-08-11 20:15:24,422 : INFO :  Test_OrangeHRM_Login_params : test_OrangeHRM_Login_params_003 : 35 : Taking the screenshot
2024-08-11 20:15:24,602 : INFO :  Test_OrangeHRM_Login_params : test_OrangeHRM_Login_params_003 : 37 : Clicking on Menu button
2024-08-11 20:15:24,657 : INFO :  Test_OrangeHRM_Login_params : test_OrangeHRM_Login_params_003 : 39 : Clicking on logout button
2024-08-11 20:15:25,565 : INFO :  Test_OrangeHRM_Login_params : test_OrangeHRM_Login_params_003 : 61 : Closing the browser
2024-08-11 20:15:28,044 : INFO :  Test_OrangeHRM_Login_params : test_OrangeHRM_Login_params_003 : 63 : test_OrangeHRM_Login_params_003 is completed
2024-08-11 20:16:07,635 : INFO :  Test_OrangeHRM_Login_params : test_OrangeHRM_Login_params_003 : 16 : test_OrangeHRM_Login_params_003 is started
2024-08-11 20:16:07,636 : INFO :  Test_OrangeHRM_Login_params : test_OrangeHRM_Login_params_003 : 18 : Opening the browser
2024-08-11 20:16:07,636 : INFO :  Test_OrangeHRM_Login_params : test_OrangeHRM_Login_params_003 : 23 : Entering Username-->Admin1
2024-08-11 20:16:09,397 : INFO :  Test_OrangeHRM_Login_params : test_OrangeHRM_Login_params_003 : 26 : Entering Password-->admin123
2024-08-11 20:16:09,507 : INFO :  Test_OrangeHRM_Login_params : test_OrangeHRM_Login_params_003 : 29 : Clicking on login button
2024-08-11 20:16:12,878 : INFO :  Test_OrangeHRM_Login_params : test_OrangeHRM_Login_params_003 : 31 : Verifying the login status
2024-08-11 20:16:17,011 : INFO :  Test_OrangeHRM_Login_params : test_OrangeHRM_Login_params_003 : 57 : test_OrangeHRM_Login_params_003 is passed
2024-08-11 20:16:17,011 : INFO :  Test_OrangeHRM_Login_params : test_OrangeHRM_Login_params_003 : 58 : Taking a screenshot
2024-08-11 20:16:17,146 : INFO :  Test_OrangeHRM_Login_params : test_OrangeHRM_Login_params_003 : 61 : Closing the browser
2024-08-11 20:16:19,877 : INFO :  Test_OrangeHRM_Login_params : test_OrangeHRM_Login_params_003 : 63 : test_OrangeHRM_Login_params_003 is completed
2024-08-11 20:17:10,724 : INFO :  Test_OrangeHRM_Login_params : test_OrangeHRM_Login_params_003 : 16 : test_OrangeHRM_Login_params_003 is started
2024-08-11 20:17:10,724 : INFO :  Test_OrangeHRM_Login_params : test_OrangeHRM_Login_params_003 : 18 : Opening the browser
2024-08-11 20:17:10,724 : INFO :  Test_OrangeHRM_Login_params : test_OrangeHRM_Login_params_003 : 23 : Entering Username-->Admin
2024-08-11 20:17:11,864 : INFO :  Test_OrangeHRM_Login_params : test_OrangeHRM_Login_params_003 : 26 : Entering Password-->admin1231
2024-08-11 20:17:11,998 : INFO :  Test_OrangeHRM_Login_params : test_OrangeHRM_Login_params_003 : 29 : Clicking on login button
2024-08-11 20:17:12,059 : INFO :  Test_OrangeHRM_Login_params : test_OrangeHRM_Login_params_003 : 31 : Verifying the login status
2024-08-11 20:17:19,702 : INFO :  Test_OrangeHRM_Login_params : test_OrangeHRM_Login_params_003 : 57 : test_OrangeHRM_Login_params_003 is passed
2024-08-11 20:17:19,703 : INFO :  Test_OrangeHRM_Login_params : test_OrangeHRM_Login_params_003 : 58 : Taking a screenshot
2024-08-11 20:17:19,872 : INFO :  Test_OrangeHRM_Login_params : test_OrangeHRM_Login_params_003 : 61 : Closing the browser
2024-08-11 20:17:22,423 : INFO :  Test_OrangeHRM_Login_params : test_OrangeHRM_Login_params_003 : 63 : test_OrangeHRM_Login_params_003 is completed
2024-08-11 20:18:02,495 : INFO :  Test_OrangeHRM_Login_params : test_OrangeHRM_Login_params_003 : 16 : test_OrangeHRM_Login_params_003 is started
2024-08-11 20:18:02,495 : INFO :  Test_OrangeHRM_Login_params : test_OrangeHRM_Login_params_003 : 18 : Opening the browser
2024-08-11 20:18:02,495 : INFO :  Test_OrangeHRM_Login_params : test_OrangeHRM_Login_params_003 : 23 : Entering Username-->Admin1
2024-08-11 20:18:04,154 : INFO :  Test_OrangeHRM_Login_params : test_OrangeHRM_Login_params_003 : 26 : Entering Password-->admin1231
2024-08-11 20:18:04,284 : INFO :  Test_OrangeHRM_Login_params : test_OrangeHRM_Login_params_003 : 29 : Clicking on login button
2024-08-11 20:18:06,680 : INFO :  Test_OrangeHRM_Login_params : test_OrangeHRM_Login_params_003 : 31 : Verifying the login status
2024-08-11 20:18:10,823 : INFO :  Test_OrangeHRM_Login_params : test_OrangeHRM_Login_params_003 : 57 : test_OrangeHRM_Login_params_003 is passed
2024-08-11 20:18:10,824 : INFO :  Test_OrangeHRM_Login_params : test_OrangeHRM_Login_params_003 : 58 : Taking a screenshot
2024-08-11 20:18:10,956 : INFO :  Test_OrangeHRM_Login_params : test_OrangeHRM_Login_params_003 : 61 : Closing the browser
2024-08-11 20:18:13,623 : INFO :  Test_OrangeHRM_Login_params : test_OrangeHRM_Login_params_003 : 63 : test_OrangeHRM_Login_params_003 is completed
